
> asset-view-spa@0.0.0 dev
> ng serve --port 3000

Component HMR has been enabled, see https://angular.dev/hmr for more info.
❯ Building...
✔ Building...
Initial chunk files | Names                           |  Raw size
styles.css          | styles                          |  96.00 kB | 
polyfills.js        | polyfills                       |  89.77 kB | 
main.js             | main                            |   2.82 kB | 
chunk-Y5RQAIA6.js   | -                               |   1.50 kB | 

                    | Initial total                   | 190.08 kB

Lazy chunk files    | Names                           |  Raw size
chunk-JTVRKXZB.js   | asset-view-redesigned-component | 305.98 kB | 

Application bundle generation complete. [6.100 seconds]

Watch mode enabled. Watching for file changes...
NOTE: Raw file sizes do not reflect development server per-request transformations.
  ➜  Local:   http://localhost:3000/
❯ Changes detected. Rebuilding...
✔ Changes detected. Rebuilding...
Initial chunk files | Names                     | Raw size
main.js             | main                      |  2.78 kB | 

Lazy chunk files    | Names                     | Raw size
chunk-BBTZZUX7.js   | asset-view-main-component | 67.87 kB | 

Application bundle generation complete. [2.512 seconds]

Page reload sent to client(s).
❯ Changes detected. Rebuilding...
✔ Changes detected. Rebuilding...
Initial chunk files | Names  |  Raw size
styles.css          | styles | 315.45 kB | 

Application bundle generation complete. [0.072 seconds]

Stylesheet update sent to client(s).
❯ Changes detected. Rebuilding...
✔ Changes detected. Rebuilding...
Initial chunk files | Names                     | Raw size
main.js             | main                      |  2.78 kB | 

Lazy chunk files    | Names                     | Raw size
chunk-LRE24ENU.js   | asset-view-main-component | 78.35 kB | 

Application bundle generation complete. [1.105 seconds]

Page reload sent to client(s).
❯ Changes detected. Rebuilding...
✔ Changes detected. Rebuilding...
Initial chunk files | Names                     | Raw size
main.js             | main                      |  2.78 kB | 

Lazy chunk files    | Names                     | Raw size
chunk-FLXK2FM7.js   | asset-view-main-component | 67.73 kB | 

Application bundle generation complete. [1.785 seconds]

Component update sent to client(s).
8:04:16 PM [vite] (client) ✨ new dependencies optimized: @angular/material/tabs, ag-grid-angular
8:04:16 PM [vite] (client) ✨ optimized dependencies changed. reloading
❯ Changes detected. Rebuilding...
✔ Changes detected. Rebuilding...
Initial chunk files | Names                     | Raw size
main.js             | main                      |  2.78 kB | 

Lazy chunk files    | Names                     | Raw size
chunk-YMXKAUZG.js   | asset-view-main-component | 67.83 kB | 

Application bundle generation complete. [1.759 seconds]

Component update sent to client(s).
❯ Changes detected. Rebuilding...
✔ Changes detected. Rebuilding...
Initial chunk files | Names                     | Raw size
main.js             | main                      |  2.78 kB | 

Lazy chunk files    | Names                     | Raw size
chunk-OB4M4XLY.js   | asset-view-main-component | 69.79 kB | 

Application bundle generation complete. [1.166 seconds]

Component update sent to client(s).
❯ Changes detected. Rebuilding...
✔ Changes detected. Rebuilding...
Initial chunk files | Names                     | Raw size
main.js             | main                      |  2.78 kB | 

Lazy chunk files    | Names                     | Raw size
chunk-S44HQVSH.js   | asset-view-main-component | 70.83 kB | 

Application bundle generation complete. [1.034 seconds]

Component update sent to client(s).
❯ Changes detected. Rebuilding...
✔ Changes detected. Rebuilding...
Initial chunk files | Names                     | Raw size
main.js             | main                      |  2.78 kB | 

Lazy chunk files    | Names                     | Raw size
chunk-F7E4EGA6.js   | asset-view-main-component | 72.27 kB | 

Application bundle generation complete. [0.906 seconds]

Component update sent to client(s).
❯ Changes detected. Rebuilding...
✔ Changes detected. Rebuilding...
Initial chunk files | Names                     | Raw size
main.js             | main                      |  2.78 kB | 

Lazy chunk files    | Names                     | Raw size
chunk-XVBNOTKR.js   | asset-view-main-component | 76.09 kB | 

Application bundle generation complete. [1.264 seconds]

Component update sent to client(s).
❯ Changes detected. Rebuilding...
✔ Changes detected. Rebuilding...
Initial chunk files | Names                     | Raw size
main.js             | main                      |  2.78 kB | 

Lazy chunk files    | Names                     | Raw size
chunk-EXOXM6IF.js   | asset-view-main-component | 76.15 kB | 

Application bundle generation complete. [1.013 seconds]

Component update sent to client(s).
❯ Changes detected. Rebuilding...
✔ Changes detected. Rebuilding...
Initial chunk files | Names                     | Raw size
main.js             | main                      |  2.78 kB | 

Lazy chunk files    | Names                     | Raw size
chunk-MMU4RJVC.js   | asset-view-main-component | 77.56 kB | 

Application bundle generation complete. [0.683 seconds]

Component update sent to client(s).
❯ Changes detected. Rebuilding...
✔ Changes detected. Rebuilding...
Initial chunk files | Names                     | Raw size
main.js             | main                      |  2.78 kB | 

Lazy chunk files    | Names                     | Raw size
chunk-BL2MN2LT.js   | asset-view-main-component | 77.98 kB | 

Application bundle generation complete. [0.716 seconds]

Component update sent to client(s).
❯ Changes detected. Rebuilding...
✔ Changes detected. Rebuilding...
Initial chunk files | Names                     | Raw size
main.js             | main                      |  2.78 kB | 

Lazy chunk files    | Names                     | Raw size
chunk-GUGBW7YK.js   | asset-view-main-component | 78.26 kB | 

Application bundle generation complete. [1.011 seconds]

Page reload sent to client(s).
❯ Changes detected. Rebuilding...
✔ Changes detected. Rebuilding...
Initial chunk files | Names                     | Raw size
main.js             | main                      |  2.78 kB | 

Lazy chunk files    | Names                     | Raw size
chunk-JVA7YWP7.js   | asset-view-main-component | 78.41 kB | 

Application bundle generation complete. [0.710 seconds]

Page reload sent to client(s).
❯ Changes detected. Rebuilding...
✔ Changes detected. Rebuilding...
Initial chunk files | Names                     | Raw size
main.js             | main                      |  2.78 kB | 

Lazy chunk files    | Names                     | Raw size
chunk-KP7CEGII.js   | asset-view-main-component | 78.58 kB | 

Application bundle generation complete. [0.849 seconds]

Page reload sent to client(s).
❯ Changes detected. Rebuilding...
✔ Changes detected. Rebuilding...
Initial chunk files | Names                     | Raw size
main.js             | main                      |  2.78 kB | 

Lazy chunk files    | Names                     | Raw size
chunk-MYWMID6M.js   | asset-view-main-component | 80.73 kB | 

Application bundle generation complete. [0.873 seconds]

Component update sent to client(s).
❯ Changes detected. Rebuilding...
✔ Changes detected. Rebuilding...
Initial chunk files | Names                     | Raw size
main.js             | main                      |  2.78 kB | 

Lazy chunk files    | Names                     | Raw size
chunk-7DR66CGG.js   | asset-view-main-component | 80.71 kB | 

Application bundle generation complete. [0.910 seconds]

Component update sent to client(s).
❯ Changes detected. Rebuilding...
✔ Changes detected. Rebuilding...
Initial chunk files | Names                     | Raw size
main.js             | main                      |  2.78 kB | 

Lazy chunk files    | Names                     | Raw size
chunk-XZLL3HGI.js   | asset-view-main-component | 80.71 kB | 

Application bundle generation complete. [1.610 seconds]

Component update sent to client(s).
❯ Changes detected. Rebuilding...
✔ Changes detected. Rebuilding...
Initial chunk files | Names                     | Raw size
main.js             | main                      |  2.78 kB | 

Lazy chunk files    | Names                     | Raw size
chunk-Y4REEHL6.js   | asset-view-main-component | 80.71 kB | 

Application bundle generation complete. [1.035 seconds]

Component update sent to client(s).
❯ Changes detected. Rebuilding...
✔ Changes detected. Rebuilding...
Initial chunk files | Names                     | Raw size
main.js             | main                      |  2.78 kB | 

Lazy chunk files    | Names                     | Raw size
chunk-FJGM5IIH.js   | asset-view-main-component | 80.71 kB | 

Application bundle generation complete. [0.815 seconds]

Component update sent to client(s).
❯ Changes detected. Rebuilding...
✔ Changes detected. Rebuilding...
Initial chunk files | Names                     | Raw size
main.js             | main                      |  2.78 kB | 

Lazy chunk files    | Names                     | Raw size
chunk-HG6M3HRL.js   | asset-view-main-component | 80.71 kB | 

Application bundle generation complete. [0.618 seconds]

Component update sent to client(s).
❯ Changes detected. Rebuilding...
✔ Changes detected. Rebuilding...
Initial chunk files | Names                     | Raw size
main.js             | main                      |  2.78 kB | 

Lazy chunk files    | Names                     | Raw size
chunk-VAANQDL3.js   | asset-view-main-component | 80.81 kB | 

Application bundle generation complete. [0.883 seconds]

Component update sent to client(s).
❯ Changes detected. Rebuilding...
✔ Changes detected. Rebuilding...
Initial chunk files | Names                     | Raw size
main.js             | main                      |  2.78 kB | 

Lazy chunk files    | Names                     | Raw size
chunk-VZVYGLKL.js   | asset-view-main-component | 81.16 kB | 

Application bundle generation complete. [0.766 seconds]

Component update sent to client(s).
❯ Changes detected. Rebuilding...
✔ Changes detected. Rebuilding...
Initial chunk files | Names                     | Raw size
main.js             | main                      |  2.78 kB | 

Lazy chunk files    | Names                     | Raw size
chunk-NHLHTNTT.js   | asset-view-main-component | 81.21 kB | 

Application bundle generation complete. [0.567 seconds]

Component update sent to client(s).
❯ Changes detected. Rebuilding...
✔ Changes detected. Rebuilding...
Initial chunk files | Names                     | Raw size
main.js             | main                      |  2.78 kB | 

Lazy chunk files    | Names                     | Raw size
chunk-P6EZZL74.js   | asset-view-main-component | 81.21 kB | 

Application bundle generation complete. [0.758 seconds]

Component update sent to client(s).
❯ Changes detected. Rebuilding...
✔ Changes detected. Rebuilding...
Initial chunk files | Names                     | Raw size
main.js             | main                      |  2.78 kB | 

Lazy chunk files    | Names                     | Raw size
chunk-SDDPYGE2.js   | asset-view-main-component | 81.21 kB | 

Application bundle generation complete. [0.558 seconds]

Component update sent to client(s).
❯ Changes detected. Rebuilding...
✔ Changes detected. Rebuilding...
Initial chunk files | Names                     | Raw size
main.js             | main                      |  2.78 kB | 

Lazy chunk files    | Names                     | Raw size
chunk-7PNRPTNC.js   | asset-view-main-component | 81.21 kB | 

Application bundle generation complete. [0.828 seconds]

Component update sent to client(s).
❯ Changes detected. Rebuilding...
✔ Changes detected. Rebuilding...
Initial chunk files | Names                     | Raw size
main.js             | main                      |  2.78 kB | 

Lazy chunk files    | Names                     | Raw size
chunk-SEHSCVHA.js   | asset-view-main-component | 81.21 kB | 

Application bundle generation complete. [0.603 seconds]

Component update sent to client(s).
❯ Changes detected. Rebuilding...
✔ Changes detected. Rebuilding...
Initial chunk files | Names                     | Raw size
main.js             | main                      |  2.78 kB | 

Lazy chunk files    | Names                     | Raw size
chunk-JPNIHC6U.js   | asset-view-main-component | 81.25 kB | 

Application bundle generation complete. [0.864 seconds]

Component update sent to client(s).
❯ Changes detected. Rebuilding...
✔ Changes detected. Rebuilding...
Initial chunk files | Names                     | Raw size
main.js             | main                      |  2.78 kB | 

Lazy chunk files    | Names                     | Raw size
chunk-463ZSGTU.js   | asset-view-main-component | 81.29 kB | 

Application bundle generation complete. [0.840 seconds]

Component update sent to client(s).
❯ Changes detected. Rebuilding...
✔ Changes detected. Rebuilding...
Initial chunk files | Names                     | Raw size
main.js             | main                      |  2.78 kB | 

Lazy chunk files    | Names                     | Raw size
chunk-KDPB4QM5.js   | asset-view-main-component | 81.33 kB | 

Application bundle generation complete. [0.909 seconds]

Component update sent to client(s).
❯ Changes detected. Rebuilding...
✔ Changes detected. Rebuilding...
Initial chunk files | Names                     | Raw size
main.js             | main                      |  2.78 kB | 

Lazy chunk files    | Names                     | Raw size
chunk-FSQDMMP2.js   | asset-view-main-component | 81.33 kB | 

Application bundle generation complete. [0.763 seconds]

Component update sent to client(s).
❯ Changes detected. Rebuilding...
✔ Changes detected. Rebuilding...
Initial chunk files | Names                     | Raw size
main.js             | main                      |  2.78 kB | 

Lazy chunk files    | Names                     | Raw size
chunk-HIQ2IZDA.js   | asset-view-main-component | 81.47 kB | 

Application bundle generation complete. [0.526 seconds]

Component update sent to client(s).
❯ Changes detected. Rebuilding...
✔ Changes detected. Rebuilding...
Initial chunk files | Names                     | Raw size
main.js             | main                      |  2.78 kB | 

Lazy chunk files    | Names                     | Raw size
chunk-3HNB7A4H.js   | asset-view-main-component | 81.61 kB | 

Application bundle generation complete. [0.629 seconds]

Component update sent to client(s).
❯ Changes detected. Rebuilding...
✔ Changes detected. Rebuilding...
Initial chunk files | Names                     | Raw size
main.js             | main                      |  2.78 kB | 

Lazy chunk files    | Names                     | Raw size
chunk-GHN6X2JE.js   | asset-view-main-component | 81.67 kB | 

Application bundle generation complete. [0.643 seconds]

Component update sent to client(s).
❯ Changes detected. Rebuilding...
✔ Changes detected. Rebuilding...
Initial chunk files | Names                     | Raw size
main.js             | main                      |  2.78 kB | 

Lazy chunk files    | Names                     | Raw size
chunk-XES26XVG.js   | asset-view-main-component | 81.73 kB | 

Application bundle generation complete. [0.777 seconds]

Component update sent to client(s).
❯ Changes detected. Rebuilding...
✔ Changes detected. Rebuilding...
Initial chunk files | Names                     | Raw size
main.js             | main                      |  2.78 kB | 

Lazy chunk files    | Names                     | Raw size
chunk-OWTNI6J5.js   | asset-view-main-component | 82.01 kB | 

Application bundle generation complete. [0.551 seconds]

Component update sent to client(s).
❯ Changes detected. Rebuilding...
✔ Changes detected. Rebuilding...
Initial chunk files | Names                     | Raw size
main.js             | main                      |  2.78 kB | 

Lazy chunk files    | Names                     | Raw size
chunk-Z3NWP442.js   | asset-view-main-component | 82.17 kB | 

Application bundle generation complete. [0.829 seconds]

Component update sent to client(s).
❯ Changes detected. Rebuilding...
✔ Changes detected. Rebuilding...
Initial chunk files | Names                     | Raw size
main.js             | main                      |  2.78 kB | 

Lazy chunk files    | Names                     | Raw size
chunk-KOOBZNA7.js   | asset-view-main-component | 82.32 kB | 

Application bundle generation complete. [0.998 seconds]

Component update sent to client(s).
❯ Changes detected. Rebuilding...
✔ Changes detected. Rebuilding...
Initial chunk files | Names                     | Raw size
main.js             | main                      |  2.78 kB | 

Lazy chunk files    | Names                     | Raw size
chunk-TCJZXGTH.js   | asset-view-main-component | 82.39 kB | 

Application bundle generation complete. [0.495 seconds]

Component update sent to client(s).
